<?xml version="1.0" encoding="UTF-8"?>
<testsuite name="Test"
           tests="4"
           failures="1"
           errors="0"
           skipped="0"
           time="3.491">
  <properties />
            <testcase name="generateReport" time="1.695" classname="org.automation.yatra.testcases.TC002_RegisterNewUser">
                <failure type="java.lang.NoClassDefFoundError"
                  message="com/sun/image/codec/jpeg/JPEGCodec"
              >
<![CDATA[java.lang.NoClassDefFoundError: com/sun/image/codec/jpeg/JPEGCodec
  org.jfree.chart.encoders.SunJPEGEncoderAdapter.encode(SunJPEGEncoderAdapter.java:128)
  org.jfree.chart.encoders.EncoderUtil.writeBufferedImage(EncoderUtil.java:144)
  org.jfree.chart.ChartUtilities.writeChartAsJPEG(ChartUtilities.java:426)
  org.jfree.chart.ChartUtilities.writeChartAsJPEG(ChartUtilities.java:374)
  org.automationtesting.excelreport.Xl.generateReport(Xl.java:130)
  org.automation.yatra.base.DriverInstance.generateReport(DriverInstance.java:67)
  java.base/jdk.internal.reflect.NativeMethodAccessorImpl.invoke0(Native Method)
  java.base/jdk.internal.reflect.NativeMethodAccessorImpl.invoke(NativeMethodAccessorImpl.java:62)
  java.base/jdk.internal.reflect.DelegatingMethodAccessorImpl.invoke(DelegatingMethodAccessorImpl.java:43)
  java.base/java.lang.reflect.Method.invoke(Method.java:567)
  org.testng.internal.MethodInvocationHelper.invokeMethod(MethodInvocationHelper.java:124)
  org.testng.internal.MethodInvocationHelper.invokeMethodConsideringTimeout(MethodInvocationHelper.java:59)
  org.testng.internal.Invoker.invokeConfigurationMethod(Invoker.java:458)
  org.testng.internal.Invoker.invokeConfigurations(Invoker.java:222)
  org.testng.internal.Invoker.invokeConfigurations(Invoker.java:142)
  org.testng.SuiteRunner.privateRun(SuiteRunner.java:425)
  org.testng.SuiteRunner.run(SuiteRunner.java:364)
  org.testng.SuiteRunnerWorker.runSuite(SuiteRunnerWorker.java:52)
  org.testng.SuiteRunnerWorker.run(SuiteRunnerWorker.java:84)
  org.testng.TestNG.runSuitesSequentially(TestNG.java:1208)
  org.testng.TestNG.runSuitesLocally(TestNG.java:1137)
  org.testng.TestNG.runSuites(TestNG.java:1049)
  org.testng.TestNG.run(TestNG.java:1017)
  org.testng.remote.AbstractRemoteTestNG.run(AbstractRemoteTestNG.java:115)
  org.testng.remote.RemoteTestNG.initAndRun(RemoteTestNG.java:251)
  org.testng.remote.RemoteTestNG.main(RemoteTestNG.java:77)
Caused by: java.lang.ClassNotFoundException: com.sun.image.codec.jpeg.JPEGCodec
  java.base/jdk.internal.loader.BuiltinClassLoader.loadClass(BuiltinClassLoader.java:583)
  java.base/jdk.internal.loader.ClassLoaders$AppClassLoader.loadClass(ClassLoaders.java:178)
  java.base/java.lang.ClassLoader.loadClass(ClassLoader.java:521)
  org.jfree.chart.encoders.SunJPEGEncoderAdapter.encode(SunJPEGEncoderAdapter.java:128)
  org.jfree.chart.encoders.EncoderUtil.writeBufferedImage(EncoderUtil.java:144)
  org.jfree.chart.ChartUtilities.writeChartAsJPEG(ChartUtilities.java:426)
  org.jfree.chart.ChartUtilities.writeChartAsJPEG(ChartUtilities.java:374)
  org.automationtesting.excelreport.Xl.generateReport(Xl.java:130)
  org.automation.yatra.base.DriverInstance.generateReport(DriverInstance.java:67)
  java.base/jdk.internal.reflect.NativeMethodAccessorImpl.invoke0(Native Method)
  java.base/jdk.internal.reflect.NativeMethodAccessorImpl.invoke(NativeMethodAccessorImpl.java:62)
  java.base/jdk.internal.reflect.DelegatingMethodAccessorImpl.invoke(DelegatingMethodAccessorImpl.java:43)
  java.base/java.lang.reflect.Method.invoke(Method.java:567)
  org.testng.internal.MethodInvocationHelper.invokeMethod(MethodInvocationHelper.java:124)
  org.testng.internal.MethodInvocationHelper.invokeMethodConsideringTimeout(MethodInvocationHelper.java:59)
  org.testng.internal.Invoker.invokeConfigurationMethod(Invoker.java:458)
  org.testng.internal.Invoker.invokeConfigurations(Invoker.java:222)
  org.testng.internal.Invoker.invokeConfigurations(Invoker.java:142)
  org.testng.SuiteRunner.privateRun(SuiteRunner.java:425)
  org.testng.SuiteRunner.run(SuiteRunner.java:364)
  org.testng.SuiteRunnerWorker.runSuite(SuiteRunnerWorker.java:52)
  org.testng.SuiteRunnerWorker.run(SuiteRunnerWorker.java:84)
  org.testng.TestNG.runSuitesSequentially(TestNG.java:1208)
  org.testng.TestNG.runSuitesLocally(TestNG.java:1137)
  org.testng.TestNG.runSuites(TestNG.java:1049)
  org.testng.TestNG.run(TestNG.java:1017)
  org.testng.remote.AbstractRemoteTestNG.run(AbstractRemoteTestNG.java:115)
  org.testng.remote.RemoteTestNG.initAndRun(RemoteTestNG.java:251)
  org.testng.remote.RemoteTestNG.main(RemoteTestNG.java:77)
]]>
      </failure>

          </testcase>
  
  
            <testcase name="tc002_register_new_user" time="0.533" classname="org.automation.yatra.testcases.TC002_RegisterNewUser" />
                <testcase name="tc002_register_new_user" time="0.830" classname="org.automation.yatra.testcases.TC002_RegisterNewUser" />
                <testcase name="tc002_register_new_user" time="0.433" classname="org.automation.yatra.testcases.TC002_RegisterNewUser" />
      
</testsuite>
